<?xml version="1.0" encoding="UTF-8"?>
<testng-results ignored="0" total="1" passed="1" failed="0" skipped="0">
  <reporter-output>
  </reporter-output>
  <suite started-at="2023-05-16T01:11:58 CEST" name="com.example.checkinsai.BaseTest" finished-at="2023-05-16T01:12:02 CEST" duration-ms="4207">
    <groups>
    </groups>
    <test started-at="2023-05-16T01:11:58 CEST" name="Command line test" finished-at="2023-05-16T01:12:02 CEST" duration-ms="4207">
      <class name="com.example.checkinsai.BaseTest">
        <test-method is-config="true" signature="setup()[pri:0, instance:com.example.checkinsai.BaseTest@525b461a]" started-at="2023-05-16T01:11:58 CEST" name="setup" finished-at="2023-05-16T01:12:00 CEST" duration-ms="2527" status="PASS">
          <reporter-output>
          </reporter-output>
        </test-method> <!-- setup -->
        <test-method signature="checkWebsiteURL()[pri:0, instance:com.example.checkinsai.BaseTest@525b461a]" started-at="2023-05-16T01:12:00 CEST" name="checkWebsiteURL" finished-at="2023-05-16T01:12:02 CEST" duration-ms="1377" status="PASS">
          <reporter-output>
          </reporter-output>
        </test-method> <!-- checkWebsiteURL -->
        <test-method is-config="true" signature="teardown()[pri:0, instance:com.example.checkinsai.BaseTest@525b461a]" started-at="2023-05-16T01:12:02 CEST" name="teardown" finished-at="2023-05-16T01:12:02 CEST" duration-ms="261" status="PASS">
          <reporter-output>
          </reporter-output>
        </test-method> <!-- teardown -->
      </class> <!-- com.example.checkinsai.BaseTest -->
    </test> <!-- Command line test -->
  </suite> <!-- com.example.checkinsai.BaseTest -->
</testng-results>
